C51 COMPILER V9.54   123                                                                   12/24/2018 17:39:32 PAGE 1   


C51 COMPILER V9.54, COMPILATION OF MODULE 123
OBJECT MODULE PLACED IN .\Objects\123.obj
COMPILER INVOKED BY: F:\keil\C51\BIN\C51.EXE 123.c OPTIMIZE(8,SPEED) BROWSE DEBUG OBJECTEXTEND PRINT(.\Listings\123.lst)
                    - TABS(2) OBJECT(.\Objects\123.obj)

line level    source

   1          #include <reg52.h>
   2          
   3          sbit KEY_IN_1  = P2^4;
   4          sbit KEY_IN_2  = P2^5;
   5          sbit KEY_IN_3  = P2^6;
   6          
   7          sbit KEY_OUT_1 = P2^3;
   8          sbit KEY_OUT_2 = P2^2;
   9          sbit KEY_OUT_3 = P2^1;
  10          
  11          unsigned char KeySta[3][3] = {{1, 1, 1},{1, 1, 1},{1, 1, 1}};
  12          unsigned led[9]={0x7F,0xBF,0xDF,0xEF,0xF7,0xFB,0xFD,0xFE,0xFF};
  13          unsigned char cnt = 0;
  14          
  15          void shaomiao();
  16          //void xiaodou();
  17          void delay();
  18          main()
  19          {
  20   1          unsigned char i, j;
  21   1          unsigned char backup[3][3] = {{1, 1, 1},{1, 1, 1},{1, 1, 1}};
  22   1          
  23   1          KEY_IN_1 = 1;
  24   1          KEY_IN_2 = 1;
  25   1          KEY_IN_3 = 1;
  26   1        
  27   1          KEY_OUT_1 =1;
  28   1          KEY_OUT_2 =1;
  29   1          KEY_OUT_3 =1;
  30   1          while (1)
  31   1          {
  32   2              shaomiao();      
  33   2              for (i=0; i<3; i++)  
  34   2              {
  35   3                  for (j=0; j<3; j++)
  36   3                  {
  37   4                        if(cnt%2==0)
  38   4                        {
  39   5                         // if (backup[i][j] != 0)         
  40   5                          //{
  41   5                                  /* A1=D[i*3+j];
  42   5                                   B1=E[i*3+j];
  43   5                                   C1=F[i*3+j];*/
  44   5                            P0 = led[i*3+j];
  45   5                            
  46   5                          //}
  47   5                        }  
  48   4                      else if(cnt%2!=0)
  49   4                        {
  50   5                          P0=0xFF;
  51   5                          
  52   5                        }
  53   4                      cnt++;
  54   4                      }
C51 COMPILER V9.54   123                                                                   12/24/2018 17:39:32 PAGE 2   

  55   3                    }
  56   2                  }
  57   1              }
  58              
  59          
  60          void shaomiao()
  61          {
  62   1             KEY_OUT_1 = 0;
  63   1             KEY_OUT_2 = 1;
  64   1             KEY_OUT_3 = 1;
  65   1             if(KEY_IN_1 == 0)
  66   1            {delay();
  67   2              if(KEY_IN_1 ==0)
  68   2            {
  69   3              while(KEY_IN_1 != 0);
  70   3                delay();
  71   3              while(KEY_IN_1 != 0);
  72   3              
  73   3                KeySta[0][0]=0;
  74   3            } 
  75   2            }
  76   1             else
  77   1              if(KEY_IN_2 == 0)
  78   1            {delay();
  79   2              if(KEY_IN_2 ==0)
  80   2            {
  81   3              while(KEY_IN_2 != 0);
  82   3                delay();
  83   3              while(KEY_IN_2 != 0);
  84   3            } 
  85   2      KeySta[0][1]=0; }
  86   1             else if(KEY_IN_3 == 0){
  87   2                delay();
  88   2              if(KEY_IN_3 ==0)
  89   2            {
  90   3              while(KEY_IN_3 != 0);
  91   3                delay();
  92   3              while(KEY_IN_3 != 0);
  93   3            } 
  94   2      KeySta[0][2]=0; }
  95   1             
  96   1             KEY_OUT_1 = 1;
  97   1             KEY_OUT_2 = 0;
  98   1             KEY_OUT_3 = 1;
  99   1      
 100   1                    if(KEY_IN_1 == 0)
 101   1            {delay();
 102   2              if(KEY_IN_1 ==0)
 103   2            {
 104   3              while(KEY_IN_1 != 0);
 105   3                delay();
 106   3              while(KEY_IN_1 != 0);
 107   3              
 108   3                KeySta[1][0]=0;
 109   3            } 
 110   2            }
 111   1             else
 112   1              if(KEY_IN_2 == 0)
 113   1            {delay();
 114   2              if(KEY_IN_2 ==0)
 115   2            {
 116   3              while(KEY_IN_2 != 0);
C51 COMPILER V9.54   123                                                                   12/24/2018 17:39:32 PAGE 3   

 117   3                delay();
 118   3              while(KEY_IN_2 != 0);
 119   3            } 
 120   2      KeySta[1][1]=0; }
 121   1             else if(KEY_IN_3 == 0){
 122   2                delay();
 123   2              if(KEY_IN_3 ==0)
 124   2            {
 125   3              while(KEY_IN_3 != 0);
 126   3                delay();
 127   3              while(KEY_IN_3 != 0);
 128   3            } 
 129   2      KeySta[1][2]=0; }
 130   1            
 131   1          
 132   1             KEY_OUT_1 = 1;
 133   1             KEY_OUT_2 = 1;
 134   1             KEY_OUT_3 = 0;
 135   1                    if(KEY_IN_1 == 0)
 136   1            {delay();
 137   2              if(KEY_IN_1 ==0)
 138   2            {
 139   3              while(KEY_IN_1 != 0);
 140   3                delay();
 141   3              while(KEY_IN_1 != 0);
 142   3              
 143   3                KeySta[2][0]=0;
 144   3            } 
 145   2            }
 146   1             else
 147   1              if(KEY_IN_2 == 0)
 148   1            {delay();
 149   2              if(KEY_IN_2 ==0)
 150   2            {
 151   3              while(KEY_IN_2 != 0);
 152   3                delay();
 153   3              while(KEY_IN_2 != 0);
 154   3            } 
 155   2      KeySta[2][1]=0; }
 156   1             else if(KEY_IN_3 == 0){
 157   2                delay();
 158   2              if(KEY_IN_3 ==0)
 159   2            {
 160   3              while(KEY_IN_3 != 0);
 161   3                delay();
 162   3              while(KEY_IN_3 != 0);
 163   3            } 
 164   2      KeySta[2][2]=0; }
 165   1      }
 166          void delay()
 167          {
 168   1        int i;
 169   1        for(i=0;i<1000;i++);
 170   1      }
 171          /*int xiaodou(int key4)
 172          {
 173          bit keybuf = 1; //?????,??????????
 174          bit backup = 1;
 175            
 176            keybuf = KEY4; //????????
 177          if (keybuf != backup) //???????????????????
 178          {
C51 COMPILER V9.54   123                                                                   12/24/2018 17:39:32 PAGE 4   

 179          delay(); //???? 10ms
 180          ?????? 51 ???-C ??? (??:2014-10-24) http://www.kingst.org
 181          111
 182          if (keybuf == KEY4) //????????????,?????
 183          {
 184          if (backup == 0) //?????? 0,??????????
 185          {
 186          
 187            
 188            
 189            
 190            
 191            
 192            
 193          }
 194          backup = keybuf; //????????,????????
 195          }*/


MODULE INFORMATION:   STATIC OVERLAYABLE
   CODE SIZE        =    313    ----
   CONSTANT SIZE    =      9    ----
   XDATA SIZE       =   ----    ----
   PDATA SIZE       =   ----    ----
   DATA SIZE        =     28       9
   IDATA SIZE       =   ----    ----
   BIT SIZE         =   ----    ----
END OF MODULE INFORMATION.


C51 COMPILATION COMPLETE.  0 WARNING(S),  0 ERROR(S)
