C51 COMPILER V9.54   138________                                                           01/18/2019 20:29:51 PAGE 1   


C51 COMPILER V9.54, COMPILATION OF MODULE 138________
OBJECT MODULE PLACED IN .\Objects\138实现功能.obj
COMPILER INVOKED BY: F:\keil\C51\BIN\C51.EXE 138实现功能.c OPTIMIZE(8,SPEED) BROWSE DEBUG OBJECTEXTEND PRINT(.\Listings\
                    -138实现功能.lst) TABS(2) OBJECT(.\Objects\138实现功能.obj)

line level    source

   1          #include <reg52.h>
   2          
   3          /*sbit LED1 = P0^0;
   4          sbit LED2 = P0^1;
   5          sbit LED3 = P0^2;
   6          sbit LED4 = P0^3;
   7          sbit LED5 = P0^4;
   8          sbit LED6 = P0^5;
   9          sbit LED7 = P0^6;
  10          sbit LED8 = P0^7;
  11          */
  12          sbit A00 = P0^0;
  13          sbit A11 = P0^1;
  14          sbit A22 = P0^2;
  15          sbit E1 = P0^3;
  16          //sbit E2 = P0^4;
  17          //sbit E3 = P0^5;
  18          
  19          sbit KEYIN1 = P2^4;
  20          sbit KEYIN2 = P2^5;
  21          sbit KEYIN3 = P2^6;
  22          
  23          sbit KEYOUT1 = P2^0;
  24          sbit KEYOUT2 = P2^1;
  25          sbit KEYOUT3 = P2^2;
  26          A0[8]={0,1,0,1,0,1,0,1};
  27          A1[8]={0,0,1,1,0,0,1,1};
  28          A2[8]={0,0,0,0,1,1,1,1};
  29          
  30          void delay();
  31          int main()
  32          {
  33   1        unsigned char keybuf[3][3] = {{1,1,1},{1,1,1},{1,1,1}};
  34   1        unsigned char backup[3][3] = {{1,1,1},{1,1,1},{1,1,1}};
  35   1        int a=3,b=3,c=3,i=3,d=3,e=3,f=3,g=3,h=3;
  36   1      //  unsigned char i,j;
  37   1      //  KEYOUT = 0;
  38   1      //  LED = 1;
  39   1        
  40   1        while(1)
  41   1        {
  42   2            KEYOUT1 = 0;
  43   2            KEYOUT2 = 1;
  44   2            KEYOUT3 = 1;
  45   2            keybuf[0][0] = KEYIN1;
  46   2            if(keybuf[0][0] != backup[0][0])
  47   2            {
  48   3              delay();
  49   3              if(keybuf[0][0] == KEYIN1)
  50   3              {
  51   4                if(backup[0][0] == 0)
  52   4                {
  53   5                  if(a%2!=0)
  54   5                  {
C51 COMPILER V9.54   138________                                                           01/18/2019 20:29:51 PAGE 2   

  55   6                    E1 = 0;               //138低电有效
  56   6                    A00=A0[0];
  57   6                    A11=A1[0];
  58   6                    A22=A2[0];
  59   6                  }
  60   5                  if(a%2==0)
  61   5                  {
  62   6                    E1 = 1;
  63   6                  }
  64   5                  a++;
  65   5                }
  66   4              }
  67   3                backup[0][0] = keybuf[0][0];  
  68   3            }
  69   2            
  70   2                  keybuf[0][1] = KEYIN2;
  71   2            if(keybuf[0][1] != backup[0][1])
  72   2            {
  73   3              delay();
  74   3              if(keybuf[0][1] == KEYIN2)
  75   3              {
  76   4                if(backup[0][1] == 0)
  77   4                {
  78   5                  if(b%2!=0)
  79   5                  {
  80   6                    E1 = 0;               //138低电有效
  81   6                    A00=A0[1];
  82   6                    A11=A1[1];
  83   6                    A22=A2[1];
  84   6                  }
  85   5                  if(b%2==0)
  86   5                  {
  87   6                    E1 = 1;
  88   6                  }
  89   5                  b++;
  90   5                  //LED2 = ~LED2;
  91   5                }
  92   4              }
  93   3                backup[0][1] = keybuf[0][1];  
  94   3            }
  95   2            
  96   2                  keybuf[0][2] = KEYIN3;
  97   2            if(keybuf[0][2] != backup[0][2])
  98   2            {
  99   3              delay();
 100   3              if(keybuf[0][2] == KEYIN3)
 101   3              {
 102   4                if(backup[0][2] == 0)
 103   4                {
 104   5                  if(c%2!=0)
 105   5                  {
 106   6                    E1 = 0;               //138低电有效
 107   6                    A00=A0[2];
 108   6                    A11=A1[2];
 109   6                    A22=A2[2];
 110   6                  }
 111   5                  if(c%2==0)
 112   5                  {
 113   6                    E1 = 1;
 114   6                  }
 115   5                  c++;
 116   5              //    LED3 = ~LED3;
C51 COMPILER V9.54   138________                                                           01/18/2019 20:29:51 PAGE 3   

 117   5                }
 118   4              }
 119   3                backup[0][2] = keybuf[0][2];  
 120   3            }
 121   2            
 122   2                KEYOUT1 = 1;
 123   2                KEYOUT2 = 0;
 124   2                KEYOUT3 = 1;
 125   2                keybuf[1][0] = KEYIN1;
 126   2            if(keybuf[1][0] != backup[1][0])
 127   2            {
 128   3              delay();
 129   3              if(keybuf[1][0] == KEYIN1)
 130   3              {
 131   4                if(backup[1][0] == 0)
 132   4                {
 133   5                  if(i%2!=0)
 134   5                  {
 135   6                    E1 = 0;               //138低电有效
 136   6                    A00=A0[3];
 137   6                    A11=A1[3];
 138   6                    A22=A2[3];
 139   6                  }
 140   5                  if(i%2==0)
 141   5                  {
 142   6                    E1 = 1;
 143   6                  }
 144   5                  i++;            
 145   5                //  LED4 = ~LED4;
 146   5                }
 147   4              }
 148   3                backup[1][0] = keybuf[1][0];  
 149   3            }
 150   2                
 151   2                keybuf[1][1] = KEYIN2;
 152   2            if(keybuf[1][1] != backup[1][1])
 153   2            {
 154   3              delay();
 155   3              if(keybuf[1][1] == KEYIN2)
 156   3              {
 157   4                if(backup[1][1] == 0)
 158   4                {
 159   5                  if(e%2!=0)
 160   5                  {
 161   6                    E1 = 0;               //138低电有效
 162   6                    A00=A0[4];
 163   6                    A11=A1[4];
 164   6                    A22=A2[4];
 165   6                  }
 166   5                  if(e%2==0)
 167   5                  {
 168   6                    E1 = 1;
 169   6                  }
 170   5                  e++;            
 171   5                //  LED5 = ~LED5;
 172   5                }
 173   4              }
 174   3                backup[1][1] = keybuf[1][1];  
 175   3            }
 176   2            
 177   2                  keybuf[1][2] = KEYIN3;
 178   2            if(keybuf[1][2] != backup[1][2])
C51 COMPILER V9.54   138________                                                           01/18/2019 20:29:51 PAGE 4   

 179   2            {
 180   3              delay();
 181   3              if(keybuf[1][2] == KEYIN3)
 182   3              {
 183   4                if(backup[1][2] == 0)
 184   4                {
 185   5                  if(f%2!=0)
 186   5                  {
 187   6                    E1 = 0;               //138低电有效
 188   6                    A00=A0[5];
 189   6                    A11=A1[5];
 190   6                    A22=A2[5];
 191   6                  }
 192   5                  if(f%2==0)
 193   5                  {
 194   6                    E1 = 1;
 195   6                  }
 196   5                  f++;            
 197   5                //  LED6 = ~LED6;
 198   5                }
 199   4              }
 200   3                backup[1][2] = keybuf[1][2];  
 201   3            }
 202   2                KEYOUT1 = 1;
 203   2                KEYOUT2 = 1;
 204   2                KEYOUT3 = 0;
 205   2                  keybuf[2][0] = KEYIN1;
 206   2            if(keybuf[2][0] != backup[2][0])
 207   2            {
 208   3              delay();
 209   3              if(keybuf[2][0] == KEYIN1)
 210   3              {
 211   4                if(backup[2][0] == 0)
 212   4                {
 213   5                  if(g%2!=0)
 214   5                  {
 215   6                    E1 = 0;               //138低电有效
 216   6                    A00=A0[6];
 217   6                    A11=A1[6];
 218   6                    A22=A2[6];
 219   6                  }
 220   5                  if(g%2==0)
 221   5                  {
 222   6                    E1 = 1;
 223   6                  }
 224   5                  g++;            
 225   5                //  LED7 = ~LED7;
 226   5                }
 227   4              }
 228   3                backup[2][0] = keybuf[2][0];  
 229   3            }
 230   2                
 231   2                keybuf[2][1] = KEYIN2;
 232   2            if(keybuf[2][1] != backup[2][1])
 233   2            {
 234   3              delay();
 235   3              if(keybuf[2][1] == KEYIN2)
 236   3              {
 237   4                if(backup[2][1] == 0)
 238   4                {
 239   5                  if(h%2!=0)
 240   5                  {
C51 COMPILER V9.54   138________                                                           01/18/2019 20:29:51 PAGE 5   

 241   6                    E1 = 0;               //138低电有效
 242   6                    A00=A0[7];
 243   6                    A11=A1[7];
 244   6                    A22=A2[7];
 245   6                  }
 246   5                  if(h%2==0)
 247   5                  {
 248   6                    E1 = 1;
 249   6                  }
 250   5                  h++;            
 251   5                //  LED8 = ~LED8;
 252   5                }
 253   4              }
 254   3                backup[2][1] = keybuf[2][1];  
 255   3            }
 256   2            
 257   2          /*        keybuf[2][2] = KEYIN3;
 258   2            if(keybuf[2][2] != backup[2][2])
 259   2            {
 260   2              delay();
 261   2              if(keybuf[2][2] == KEYIN1)
 262   2              {
 263   2                if(backup[2][2] == 0)
 264   2                {
 265   2                  LED = ~LED;
 266   2                }
 267   2              }
 268   2                backup[2][2] = keybuf[2][2];  
 269   2            }
 270   2          */  
 271   2        }
 272   1      }
 273          void delay()
 274          {
 275   1        unsigned int i=1000;
 276   1        while(i--);
 277   1      }


MODULE INFORMATION:   STATIC OVERLAYABLE
   CODE SIZE        =    819    ----
   CONSTANT SIZE    =     18    ----
   XDATA SIZE       =   ----    ----
   PDATA SIZE       =   ----    ----
   DATA SIZE        =     48      36
   IDATA SIZE       =   ----    ----
   BIT SIZE         =   ----    ----
END OF MODULE INFORMATION.


C51 COMPILATION COMPLETE.  0 WARNING(S),  0 ERROR(S)
