C51 COMPILER V9.54   8____________                                                         01/23/2019 15:59:46 PAGE 1   


C51 COMPILER V9.54, COMPILATION OF MODULE 8____________
OBJECT MODULE PLACED IN .\Objects\8字绕圆跑副本.obj
COMPILER INVOKED BY: F:\keil\C51\BIN\C51.EXE 8字绕圆跑副本.c OPTIMIZE(8,SPEED) BROWSE DEBUG OBJECTEXTEND PRINT(.\Listing
                    -s\8字绕圆跑副本.lst) TABS(2) OBJECT(.\Objects\8字绕圆跑副本.obj)

line level    source

   1          #include <reg52.h>
   2          
   3          sbit IN1 = P1^0;
   4          sbit IN2 = P1^1;
   5          sbit IN3 = P1^2;
   6          sbit IN4 = P1^3;
   7          sbit ENA = P1^4;
   8          sbit ENB = P1^5;
   9          sbit lhuidu = P3^2;       //左边的灰度返回值。
  10          sbit rhuidu = P3^3;       //右边的灰度返回值。
  11          
  12          unsigned char i = 0;
  13          
  14          void main()
  15          {
  16   1      TMOD=0x01;                //让定时器以1模式打开。
  17   1      
  18   1      TH0=0xff;                 //定时器1微秒。
  19   1      TL0=0xf7;
  20   1      
  21   1      EA=1;                     //打开总中断。
  22   1      
  23   1      ET0=1;                    //定时器0，打开。
  24   1        
  25   1      TR0=1;                    //启动定时器。
  26   1      
  27   1      EX0 = 1;                  //打开外部中断1。
  28   1      IT0 = 1;          
  29   1        
  30   1      EX1 = 1;                  //打开外部中断2。
  31   1      IT1 = 1;
  32   1        
  33   1      while(1)
  34   1      {
  35   2        if(i<50)              //左边的电机，小于50个毫秒时，电机正转。
  36   2        {
  37   3          IN1 = 0;
  38   3          IN2 = 1;
  39   3        }
  40   2        if(i>50)              //左边的电机，在大于50个毫秒时，电机停止供电。
  41   2        {
  42   3          IN1 = 0;
  43   3          IN2 = 0;
  44   3        }
  45   2          if(i<50)            //右边的电机，小于50个毫秒时，电机正转。
  46   2        {
  47   3          IN3 = 0;
  48   3          IN4 = 1;
  49   3        }
  50   2        if(i>50)              //右边的电机，在大于50个毫秒时，电机停止供电。
  51   2        {
  52   3          IN3 = 0;
  53   3          IN4 = 0;
  54   3        }
C51 COMPILER V9.54   8____________                                                         01/23/2019 15:59:46 PAGE 2   

  55   2        if(i>100)             //当i的值大于100时，归零。
  56   2        {
  57   3          i=0;
  58   3        }
  59   2      }
  60   1      }
  61          void time0() interrupt 1
  62          {
  63   1        TH0=0xff; 
  64   1        TL0=0xf7;
  65   1        i++;
  66   1      }
  67          
  68          
  69          void time1() interrupt 0    //外部中断,已出界右轮加速。
  70          
  71          {
  72   1        ENA = 0;
  73   1        ENB = 1;
  74   1      }
  75          void time2() interrupt 2    //已向内偏移，左轮加速。
  76          { 
  77   1        ENA = 1;
  78   1        ENB = 0;
  79   1      }


MODULE INFORMATION:   STATIC OVERLAYABLE
   CODE SIZE        =     98    ----
   CONSTANT SIZE    =   ----    ----
   XDATA SIZE       =   ----    ----
   PDATA SIZE       =   ----    ----
   DATA SIZE        =      1    ----
   IDATA SIZE       =   ----    ----
   BIT SIZE         =   ----    ----
END OF MODULE INFORMATION.


C51 COMPILATION COMPLETE.  0 WARNING(S),  0 ERROR(S)
