C51 COMPILER V9.54   BANZHISHANGDEXIAODENG                                                 12/29/2018 20:41:52 PAGE 1   


C51 COMPILER V9.54, COMPILATION OF MODULE BANZHISHANGDEXIAODENG
OBJECT MODULE PLACED IN .\Objects\banzhishangdexiaodeng.obj
COMPILER INVOKED BY: F:\keil\C51\BIN\C51.EXE banzhishangdexiaodeng.c OPTIMIZE(8,SPEED) BROWSE DEBUG OBJECTEXTEND PRINT(.
                    -\Listings\banzhishangdexiaodeng.lst) TABS(2) OBJECT(.\Objects\banzhishangdexiaodeng.obj)

line level    source

   1          #include <reg52.h>
   2          
   3          
   4          void delay();
   5          int main()
   6          {
   7   1        while(1)
   8   1        {
   9   2        unsigned char cnt; 
  10   2        for(cnt=0;cnt<8;cnt++)
  11   2        {
  12   3          P2 = ~(0x01 << cnt);
  13   3          delay();
  14   3        }
  15   2        } 
  16   1      }
  17          void delay()
  18          {
  19   1        unsigned int i;
  20   1        for(i=0;i<30000;i++);
  21   1      }


MODULE INFORMATION:   STATIC OVERLAYABLE
   CODE SIZE        =     48    ----
   CONSTANT SIZE    =   ----    ----
   XDATA SIZE       =   ----    ----
   PDATA SIZE       =   ----    ----
   DATA SIZE        =   ----       1
   IDATA SIZE       =   ----    ----
   BIT SIZE         =   ----    ----
END OF MODULE INFORMATION.


C51 COMPILATION COMPLETE.  0 WARNING(S),  0 ERROR(S)
