C51 COMPILER V9.54   CAIGAO                                                                01/18/2019 11:47:24 PAGE 1   


C51 COMPILER V9.54, COMPILATION OF MODULE CAIGAO
OBJECT MODULE PLACED IN .\Objects\caigao.obj
COMPILER INVOKED BY: F:\keil\C51\BIN\C51.EXE caigao.c OPTIMIZE(8,SPEED) BROWSE DEBUG OBJECTEXTEND PRINT(.\Listings\caiga
                    -o.lst) TABS(2) OBJECT(.\Objects\caigao.obj)

line level    source

   1          #include <reg52.h>
   2          
   3          sbit KEY1 = P2^4;
   4          sbit KEY2 = P2^5;
   5          sbit KEY3 = P2^6;
   6          sbit KEY4 = P2^7;
   7          unsigned char code LedChar[] = { 
   8          0xC0, 0xF9, 0xA4, 0xB0, 0x99, 0x92, 0x82, 0xF8,
   9          0x80, 0x90, 0x88, 0x83, 0xC6, 0xA1, 0x86, 0x8E
  10          };
  11          bit KeySta = 1; 
  12          void main()
  13          {
  14   1      bit backup = 1; //?????,?????????
  15   1      unsigned char cnt = 0; //????,?????????
  16   1      EA = 1; //?????
  17   1      
  18   1      TMOD = 0x01; //?? T0 ??? 1
  19   1      TH0 = 0xF8; //? T0 ??? 0xF8CD,?? 2ms
  20   1      TL0 = 0xCD;
  21   1      ET0 = 1; //?? T0 ??
  22   1      TR0 = 1; //?? T0
  23   1      P2 = 0xF7; //P2.3 ? 0,? KeyOut1 ?????
  24   1      P0 = LedChar[cnt]; //????????
  25   1        while (1)
  26   1      {
  27   2      if (KeySta != backup) //???????????????????
  28   2      {
  29   3      if (backup == 0) //?????? 0,??????????
  30   3      {
  31   4      cnt++; //????+1
  32   4      if (cnt >= 10)
  33   4      { //?? 1 ??????,???? 10 ???????
  34   5      cnt = 0;
  35   5      }
  36   4      P0 = LedChar[cnt]; //??????????
  37   4      }
  38   3      backup = KeySta; //????????,????????
  39   3      }
  40   2      }
  41   1      }
  42          /* T0 ??????,???????????? */
  43          void InterruptTimer0() interrupt 1
  44          {
  45   1      static unsigned char keybuf = 0xFF; //?????,???????????
  46   1      TH0 = 0xF8; //??????
  47   1      TL0 = 0xCD;
  48   1      keybuf = (keybuf<<1) | KEY4; //???????,????????????
  49   1      if (keybuf == 0x00)
  50   1      { //?? 8 ?????? 0,? 16ms ???????????,????????
  51   2      KeySta = 0;
  52   2      }
  53   1      else if (keybuf == 0xFF)
  54   1      { //?? 8 ?????? 1,? 16ms ???????????,????????
C51 COMPILER V9.54   CAIGAO                                                                01/18/2019 11:47:24 PAGE 2   

  55   2      KeySta = 1;
  56   2      }
  57   1      else
  58   1      {} //???????????????,??? KeySta ???????
  59   1      }


MODULE INFORMATION:   STATIC OVERLAYABLE
   CODE SIZE        =    108    ----
   CONSTANT SIZE    =     16    ----
   XDATA SIZE       =   ----    ----
   PDATA SIZE       =   ----    ----
   DATA SIZE        =      1    ----
   IDATA SIZE       =   ----    ----
   BIT SIZE         =      1       1
END OF MODULE INFORMATION.


C51 COMPILATION COMPLETE.  0 WARNING(S),  0 ERROR(S)
