C51 COMPILER V9.54   CHANGS                                                                12/16/2018 14:53:19 PAGE 1   


C51 COMPILER V9.54, COMPILATION OF MODULE CHANGS
OBJECT MODULE PLACED IN .\Objects\changs.obj
COMPILER INVOKED BY: F:\keil\C51\BIN\C51.EXE changs.c OPTIMIZE(8,SPEED) BROWSE DEBUG OBJECTEXTEND PRINT(.\Listings\chang
                    -s.lst) TABS(2) OBJECT(.\Objects\changs.obj)

line level    source

   1          #include <reg52.h>
   2          
   3          sbit LED1 = P0^0;
   4          sbit LED2 = P0^1;
   5          sbit LED3 = P0^2;
   6          sbit LED4 = P0^3;
   7          sbit LED5 = P0^4;
   8          sbit LED6 = P0^5;
   9          sbit LED7 = P0^6;
  10          sbit LED8 = P0^7;
  11          
  12          main()
  13          {
  14   1        while(1)
  15   1        {
  16   2          P0 = 0xFF;
  17   2        }
  18   1      }


MODULE INFORMATION:   STATIC OVERLAYABLE
   CODE SIZE        =      5    ----
   CONSTANT SIZE    =   ----    ----
   XDATA SIZE       =   ----    ----
   PDATA SIZE       =   ----    ----
   DATA SIZE        =   ----    ----
   IDATA SIZE       =   ----    ----
   BIT SIZE         =   ----    ----
END OF MODULE INFORMATION.


C51 COMPILATION COMPLETE.  0 WARNING(S),  0 ERROR(S)
