C51 COMPILER V9.54   DABUSHIDEXIAOQIANGDEZAICICHANGSHI                                     12/22/2018 19:01:54 PAGE 1   


C51 COMPILER V9.54, COMPILATION OF MODULE DABUSHIDEXIAOQIANGDEZAICICHANGSHI
OBJECT MODULE PLACED IN .\Objects\dabushidexiaoqiangdezaicichangshi.obj
COMPILER INVOKED BY: F:\keil\C51\BIN\C51.EXE dabushidexiaoqiangdezaicichangshi.c OPTIMIZE(8,SPEED) BROWSE DEBUG OBJECTEX
                    -TEND PRINT(.\Listings\dabushidexiaoqiangdezaicichangshi.lst) TABS(2) OBJECT(.\Objects\dabushidexiaoqiangdezaicichangshi.
                    -obj)

line level    source

   1          #include <reg52.h>
   2          
   3          void delay(void)
   4          {
   5   1        int i;
   6   1        for(i=0;i<30000;i++);
   7   1      }
   8          int main()
   9          {
  10   1        int cnt=0;                
  11   1        while(1)
  12   1        {
  13   2          for(cnt=0;cnt<8;cnt++)
  14   2          {
  15   3            P0 = ~(0x01 << cnt);  
  16   3            delay();
  17   3          }
  18   2          for(cnt=0;cnt<7;cnt++)
  19   2          {
  20   3            P0 = ~(0x40 >> cnt);
  21   3            delay();
  22   3          }
  23   2        }
  24   1      } 


MODULE INFORMATION:   STATIC OVERLAYABLE
   CODE SIZE        =     88    ----
   CONSTANT SIZE    =   ----    ----
   XDATA SIZE       =   ----    ----
   PDATA SIZE       =   ----    ----
   DATA SIZE        =   ----    ----
   IDATA SIZE       =   ----    ----
   BIT SIZE         =   ----    ----
END OF MODULE INFORMATION.


C51 COMPILATION COMPLETE.  0 WARNING(S),  0 ERROR(S)
