C51 COMPILER V9.54   DINGSHIQI                                                             12/20/2018 17:38:26 PAGE 1   


C51 COMPILER V9.54, COMPILATION OF MODULE DINGSHIQI
OBJECT MODULE PLACED IN .\Objects\dingshiqi.obj
COMPILER INVOKED BY: F:\keil\C51\BIN\C51.EXE dingshiqi.c OPTIMIZE(8,SPEED) BROWSE DEBUG OBJECTEXTEND PRINT(.\Listings\di
                    -ngshiqi.lst) TABS(2) OBJECT(.\Objects\dingshiqi.obj)

line level    source

   1          #include <reg52.h>
   2          
   3          sbit LED = P0^0;
   4          
   5          int main()
   6          {
   7   1        unsigned cnt = 0;
   8   1        TMOD = 0x01;              //设置T0的模式为1；
   9   1        TH0  = 0xB8;              //设置T0的初始值是；0xB8。
  10   1        TL0  = 0x00;              
  11   1        TR0  = 1;                 //启动定时器。
  12   1        
  13   1        while(1)
  14   1        {
  15   2          if(TF0 == 1)
  16   2          {
  17   3            TF0 = 0;
  18   3            TH0 = 0xB8;
  19   3            TL0 = 0x00;
  20   3            cnt++;
  21   3            if(cnt >= 50)
  22   3            {
  23   4              cnt = 0;
  24   4              LED = ~LED;
  25   4            }
  26   3          }
  27   2        }
  28   1      }
  29            


MODULE INFORMATION:   STATIC OVERLAYABLE
   CODE SIZE        =     45    ----
   CONSTANT SIZE    =   ----    ----
   XDATA SIZE       =   ----    ----
   PDATA SIZE       =   ----    ----
   DATA SIZE        =   ----    ----
   IDATA SIZE       =   ----    ----
   BIT SIZE         =   ----    ----
END OF MODULE INFORMATION.


C51 COMPILATION COMPLETE.  0 WARNING(S),  0 ERROR(S)
