C51 COMPILER V9.54   TIAOSHI                                                               01/22/2019 13:22:26 PAGE 1   


C51 COMPILER V9.54, COMPILATION OF MODULE TIAOSHI
OBJECT MODULE PLACED IN .\Objects\tiaoshi.obj
COMPILER INVOKED BY: F:\keil\C51\BIN\C51.EXE tiaoshi.c OPTIMIZE(8,SPEED) BROWSE DEBUG OBJECTEXTEND PRINT(.\Listings\tiao
                    -shi.lst) TABS(2) OBJECT(.\Objects\tiaoshi.obj)

line level    source

   1          #include "reg52.h"       
   2          
   3          //sbit k3=P3^2;  
   4          sbit led1=P1^4; 
   5          //sbit k4=P3^3;
   6          sbit led2=P1^5;
   7          
   8          void main()
   9          { 
  10   1        EA=1;
  11   1        IT0=1;
  12   1        EX0=1;
  13   1        IT1=1;
  14   1        EX1=1;
  15   1        while(1);   
  16   1      }
  17          
  18          void Int0() interrupt 0   
  19          {
  20   1          led1=~led1;
  21   1      }
  22          void Int1() interrupt 2 
  23          {
  24   1          led2=~led2;
  25   1      }


MODULE INFORMATION:   STATIC OVERLAYABLE
   CODE SIZE        =     18    ----
   CONSTANT SIZE    =   ----    ----
   XDATA SIZE       =   ----    ----
   PDATA SIZE       =   ----    ----
   DATA SIZE        =   ----    ----
   IDATA SIZE       =   ----    ----
   BIT SIZE         =   ----    ----
END OF MODULE INFORMATION.


C51 COMPILATION COMPLETE.  0 WARNING(S),  0 ERROR(S)
