C51 COMPILER V9.54   ______________                                                        01/22/2019 09:22:14 PAGE 1   


C51 COMPILER V9.54, COMPILATION OF MODULE ______________
OBJECT MODULE PLACED IN .\Objects\一个中断的情况.obj
COMPILER INVOKED BY: F:\keil\C51\BIN\C51.EXE 一个中断的情况.c OPTIMIZE(8,SPEED) BROWSE DEBUG OBJECTEXTEND PRINT(.\Listin
                    -gs\一个中断的情况.lst) TABS(2) OBJECT(.\Objects\一个中断的情况.obj)

line level    source

   1          #include "reg52.h"       
   2          
   3          typedef unsigned int u16;  
   4          typedef unsigned char u8;
   5          
   6          sbit k3=P3^2;  
   7          sbit led1=P0^0; 
   8          sbit k4=P3^3;
   9          sbit led2=P0^1;
  10          
  11          void delay(u16 i)
  12          {
  13   1        while(i--); 
  14   1      }
  15          void main()
  16          { 
  17   1        EA=1;
  18   1        IT0=1;
  19   1        EX0=1;
  20   1        IT1=1;
  21   1        EX1=1;
  22   1        while(1);   
  23   1      }
  24          
  25          void Int0() interrupt 0   
  26          {
  27   1        delay(1000);  
  28   1        if(k3==0)
  29   1        {
  30   2          led1=~led1;
  31   2        }
  32   1      }
  33          void Int1() interrupt 2 
  34          {
  35   1        delay(1000);  
  36   1        if(k4==0)
  37   1        {
  38   2          led2=~led2;
  39   2        }
  40   1      }


MODULE INFORMATION:   STATIC OVERLAYABLE
   CODE SIZE        =     95    ----
   CONSTANT SIZE    =   ----    ----
   XDATA SIZE       =   ----    ----
   PDATA SIZE       =   ----    ----
   DATA SIZE        =   ----    ----
   IDATA SIZE       =   ----    ----
   BIT SIZE         =   ----    ----
END OF MODULE INFORMATION.


C51 COMPILATION COMPLETE.  0 WARNING(S),  0 ERROR(S)
