C51 COMPILER V9.54   ________________________                                              01/21/2019 12:14:39 PAGE 1   


C51 COMPILER V9.54, COMPILATION OF MODULE ________________________
OBJECT MODULE PLACED IN .\Objects\利哥找的一个定时器的中断.obj
COMPILER INVOKED BY: F:\keil\C51\BIN\C51.EXE 利哥找的一个定时器的中断.c OPTIMIZE(8,SPEED) BROWSE DEBUG OBJECTEXTEND PRIN
                    -T(.\Listings\利哥找的一个定时器的中断.lst) TABS(2) OBJECT(.\Objects\利哥找的一个定时器的中断.obj)

line level    source

   1          #include<reg51.h>
   2          
   3          #define uint unsigned int
   4          
   5          #define uchar unsigned char
   6          
   7          
   8          sbit PWM=P2^0;            // P2.0输出pwm
   9          uchar time;               // 定义一个时间函数
  10          
  11          
  12          void main()
  13          
  14          {
  15   1      
  16   1      TMOD=0x01;                //让定时器以1模式打开
  17   1      
  18   1      TH0=0xff;                 //定时器1微秒
  19   1      TL0=0xf7;
  20   1      
  21   1      EA=1;                     //打开总中断
  22   1      
  23   1      ET0=1;                    //定时器0，打开。
  24   1        
  25   1      TR0=1;                    //启动定时器。
  26   1      
  27   1      while(1)
  28   1      
  29   1      {
  30   2      
  31   2      }
  32   1      
  33   1      }
  34          
  35          
  36          void tim0() interrupt 1
  37          
  38          {
  39   1      
  40   1      TR0=0;                    //关闭定时器，重新赋值。
  41   1      
  42   1      TH0=0xff;                 //定时1微秒。
  43   1      
  44   1      TL0=0xf7;
  45   1      
  46   1      TR0=1;                    //打开定时器。
  47   1      
  48   1      
  49   1      time++;
  50   1      
  51   1      if(time>=100)             //大于100归零。
  52   1      
  53   1      time=0;
  54   1      
C51 COMPILER V9.54   ________________________                                              01/21/2019 12:14:39 PAGE 2   

  55   1      if(time<=30)              //占空比为N，此时既是30.
  56   1      
  57   1      PWM=1;
  58   1      
  59   1      else PWM=0;
  60   1      
  61   1      }
  62          


MODULE INFORMATION:   STATIC OVERLAYABLE
   CODE SIZE        =     61    ----
   CONSTANT SIZE    =   ----    ----
   XDATA SIZE       =   ----    ----
   PDATA SIZE       =   ----    ----
   DATA SIZE        =      1    ----
   IDATA SIZE       =   ----    ----
   BIT SIZE         =   ----    ----
END OF MODULE INFORMATION.


C51 COMPILATION COMPLETE.  0 WARNING(S),  0 ERROR(S)
