C51 COMPILER V9.54   ______KEIL____                                                        12/14/2018 23:38:18 PAGE 1   


C51 COMPILER V9.54, COMPILATION OF MODULE ______KEIL____
OBJECT MODULE PLACED IN .\Objects\第一个keil程序.obj
COMPILER INVOKED BY: F:\keil\C51\BIN\C51.EXE 第一个keil程序.c OPTIMIZE(8,SPEED) BROWSE DEBUG OBJECTEXTEND PRINT(.\Listin
                    -gs\第一个keil程序.lst) TABS(2) OBJECT(.\Objects\第一个keil程序.obj)

line level    source

   1          #include <reg52.h>
   2          
   3          sbit LED = P0^0;
   4          sbit ADDR0 = P1^0;
   5          sbit ADDR1 = P1^1;
   6          sbit ADDR2 = P1^2;
   7          sbit ADDR3 = P1^3;
   8          sbit ENLED = P1^4;
   9          
  10          void main()
  11          {
  12   1          unsigned int i = 0;
  13   1          ENLED = 0;
  14   1          ADDR3 = 1;
  15   1          ADDR2 = 1;
  16   1          ADDR1 = 1;
  17   1          ADDR0 = 0;
  18   1          while(1)
  19   1          {
  20   2            LED = 0;
  21   2            for(i=0;i<3000;i++);
  22   2            LED = 1;
  23   2            for(i=0;i<3000;i++);
  24   2          }
  25   1      }


MODULE INFORMATION:   STATIC OVERLAYABLE
   CODE SIZE        =     47    ----
   CONSTANT SIZE    =   ----    ----
   XDATA SIZE       =   ----    ----
   PDATA SIZE       =   ----    ----
   DATA SIZE        =   ----    ----
   IDATA SIZE       =   ----    ----
   BIT SIZE         =   ----    ----
END OF MODULE INFORMATION.


C51 COMPILATION COMPLETE.  0 WARNING(S),  0 ERROR(S)
