C51 COMPILER V9.54   ______                                                                01/25/2019 20:53:01 PAGE 1   


C51 COMPILER V9.54, COMPILATION OF MODULE ______
OBJECT MODULE PLACED IN .\Objects\³¬Éù²¨.obj
COMPILER INVOKED BY: F:\keil\C51\BIN\C51.EXE ³¬Éù²¨.c OPTIMIZE(8,SPEED) BROWSE DEBUG OBJECTEXTEND PRINT(.\Listings\³¬Éù²
                    -¨.lst) TABS(2) OBJECT(.\Objects\³¬Éù²¨.obj)

line level    source

   1          #include <reg52.h>
   2          
   3          sbit pwm = P0^3;
   4          int i = 0;
   5          
   6          void main()
   7          {
   8   1        TMOD = 0x01;
   9   1        TH0 = 0xFF;
  10   1        TL0 = 0xFF;
  11   1        ET0 = 1;
  12   1        TR0 = 1;
  13   1        while(1)
  14   1        {
  15   2        if(i<12)
  16   2        {
  17   3          pwm = 1;
  18   3        }
  19   2        if(i>12)
  20   2        {
  21   3          pwm = 0;
  22   3        }
  23   2        if(i>15)
  24   2        {
  25   3          i = 0;
  26   3        }
  27   2      }
  28   1      }
  29          void time0() interrupt 1
  30          {
  31   1        TH0 = 0xFF;
  32   1        TL0 = 0xFF;
  33   1        i++;
  34   1      }


MODULE INFORMATION:   STATIC OVERLAYABLE
   CODE SIZE        =     82    ----
   CONSTANT SIZE    =   ----    ----
   XDATA SIZE       =   ----    ----
   PDATA SIZE       =   ----    ----
   DATA SIZE        =      2    ----
   IDATA SIZE       =   ----    ----
   BIT SIZE         =   ----    ----
END OF MODULE INFORMATION.


C51 COMPILATION COMPLETE.  0 WARNING(S),  0 ERROR(S)
